<?xml version="1.0" encoding="utf-8"?><testsuites name="pytest tests"><testsuite name="pytest" errors="0" failures="0" skipped="0" tests="233" time="72.060" timestamp="2026-07-27T08:00:08.376678+00:00" hostname="runnervmvrwv9"><testcase classname="tests.test_clinical_engine_cutover_boundary" name="test_migration_pass_owns_persistent_v1_cutover" time="0.001" /><testcase classname="tests.test_clinical_engine_cutover_boundary" name="test_blueprint_has_no_schema_or_compatibility_projection" time="0.001" /><testcase classname="tests.test_clinical_engine_cutover_boundary" name="test_cutover_verifies_its_postcondition" time="0.000" /><testcase classname="tests.test_clinical_engine_cutover_boundary" name="test_canonical_schema_never_defines_v1_objects" time="0.001" /><testcase classname="tests.test_clinical_engine_cutover_boundary" name="test_app_factory_does_not_duplicate_migration_cutover_policy" time="0.000" /><testcase classname="tests.test_clinical_engine_legacy_cleanup_schema" name="test_cleanup_preserves_v2_rows_and_reinstalls_guards" time="0.700" /><testcase classname="tests.test_clinical_engine_legacy_cleanup_schema" name="test_cleanup_is_fully_atomic_on_mid_rebuild_failure" time="0.585" /><testcase classname="tests.test_clinical_engine_legacy_cleanup_schema" name="test_cleanup_refuses_non_null_legacy_lineage[clinical_rule_versions-source_legacy_rule_id]" time="0.511" /><testcase classname="tests.test_clinical_engine_legacy_cleanup_schema" name="test_cleanup_refuses_non_null_legacy_lineage[clinical_decision_events-legacy_source_suggestion_log_id]" time="0.518" /><testcase classname="tests.test_clinical_engine_legacy_cleanup_transaction" name="test_cleanup_refuses_and_preserves_caller_owned_transaction" time="0.502" /><testcase classname="tests.test_clinical_engine_no_legacy_lineage" name="test_runtime_and_research_rule_schemas_reject_legacy_identity" time="0.001" /><testcase classname="tests.test_clinical_engine_no_legacy_lineage" name="test_compiler_fails_closed_when_legacy_rule_id_is_supplied" time="0.045" /><testcase classname="tests.test_clinical_engine_no_legacy_lineage" name="test_bundled_rule_packages_contain_no_legacy_identifier" time="0.001" /><testcase classname="tests.test_clinical_engine_no_legacy_lineage" name="test_rule_version_persists_after_physical_lineage_cleanup" time="0.543" /><testcase classname="tests.test_clinical_engine_no_legacy_lineage" name="test_decision_audit_persists_and_projects_after_lineage_cleanup" time="0.506" /><testcase classname="tests.test_clinical_engine_rule_projection" name="test_condition_counts_use_one_governed_ruleset_not_historical_versions" time="0.651" /><testcase classname="tests.test_clinical_engine_rule_projection" name="test_condition_counts_fall_back_to_latest_draft_before_activation" time="0.968" /><testcase classname="tests.test_clinical_engine_runtime_no_legacy_fields" name="test_compiler_and_dto_have_no_legacy_rule_identity" time="0.001" /><testcase classname="tests.test_clinical_engine_runtime_no_legacy_fields" name="test_rule_persistence_has_no_source_lineage_column_contract" time="0.000" /><testcase classname="tests.test_clinical_engine_runtime_no_legacy_fields" name="test_decision_runtime_has_no_suggestion_log_lineage_contract" time="0.001" /><testcase classname="tests.test_clinical_engine_v1_request_cutover" name="test_application_construction_removes_v1_storage_and_preserves_v2_rows" time="0.691" /><testcase classname="tests.test_clinical_engine_v1_request_cutover" name="test_restart_cutover_is_idempotent_and_preserves_clean_v2_rows" time="0.653" /><testcase classname="tests.test_clinical_engine_v1_request_cutover" name="test_manager_disease_page_uses_request_local_read_only_projection" time="0.881" /><testcase classname="tests.test_clinical_engine_v2_action_contract" name="test_valid_effective_rollout_allows_presentation_and_decision" time="0.626" /><testcase classname="tests.test_clinical_engine_v2_action_contract" name="test_rollback_before_write_blocks_presentation" time="0.593" /><testcase classname="tests.test_clinical_engine_v2_action_contract" name="test_approval_revocation_before_write_blocks_decision" time="0.604" /><testcase classname="tests.test_clinical_engine_v2_activation" name="test_exact_report_is_reproducible_and_bound_to_engine" time="0.573" /><testcase classname="tests.test_clinical_engine_v2_activation" name="test_other_engine_build_and_nonclean_run_block_report" time="0.569" /><testcase classname="tests.test_clinical_engine_v2_activation" name="test_fixed_as_of_excludes_future_observation" time="0.573" /><testcase classname="tests.test_clinical_engine_v2_activation" name="test_missing_demo_patient_blocks_activation_report" time="0.568" /><testcase classname="tests.test_clinical_engine_v2_activation" name="test_approval_is_bound_to_current_build_report" time="0.570" /><testcase classname="tests.test_clinical_engine_v2_activation" name="test_raw_visible_mode_fails_closed_without_valid_seal" time="0.564" /><testcase classname="tests.test_clinical_engine_v2_activation" name="test_tampering_report_approval_or_seal_revokes_mode" time="0.606" /><testcase classname="tests.test_clinical_engine_v2_activation" name="test_selected_activation_requires_approvals_and_rollback_is_immediate" time="0.587" /><testcase classname="tests.test_clinical_engine_v2_activation" name="test_global_on_requires_verified_selected_and_active_ruleset" time="0.678" /><testcase classname="tests.test_clinical_engine_v2_activation" name="test_promote_silent_ruleset_preserves_membership" time="0.563" /><testcase classname="tests.test_clinical_engine_v2_compiler" name="test_all_v2_schemas_are_valid_draft_2020_12" time="0.081" /><testcase classname="tests.test_clinical_engine_v2_compiler" name="test_valid_draft_compiles_to_immutable_typed_plan" time="0.043" /><testcase classname="tests.test_clinical_engine_v2_compiler" name="test_hash_is_deterministic_across_mapping_order" time="0.087" /><testcase classname="tests.test_clinical_engine_v2_compiler" name="test_canonical_fact_contract_is_immutable_and_keeps_quality_axes_separate" time="0.000" /><testcase classname="tests.test_clinical_engine_v2_compiler" name="test_non_json_native_payload_is_rejected_before_hashing" time="0.084" /><testcase classname="tests.test_clinical_engine_v2_compiler" name="test_malformed_serialized_json_has_typed_diagnostic" time="0.042" /><testcase classname="tests.test_clinical_engine_v2_compiler" name="test_valid_serialized_json_compiles" time="0.044" /><testcase classname="tests.test_clinical_engine_v2_compiler" name="test_invalid_version_operator_action_unit_type_or_safety_is_rejected[&lt;lambda&gt;-SCHEMA_VALIDATION_ERROR0]" time="0.086" /><testcase classname="tests.test_clinical_engine_v2_compiler" name="test_invalid_version_operator_action_unit_type_or_safety_is_rejected[&lt;lambda&gt;-SCHEMA_VALIDATION_ERROR1]" time="0.086" /><testcase classname="tests.test_clinical_engine_v2_compiler" name="test_invalid_version_operator_action_unit_type_or_safety_is_rejected[&lt;lambda&gt;-SCHEMA_VALIDATION_ERROR2]" time="0.086" /><testcase classname="tests.test_clinical_engine_v2_compiler" name="test_invalid_version_operator_action_unit_type_or_safety_is_rejected[&lt;lambda&gt;-SCHEMA_VALIDATION_ERROR3]" time="0.085" /><testcase classname="tests.test_clinical_engine_v2_compiler" name="test_invalid_version_operator_action_unit_type_or_safety_is_rejected[&lt;lambda&gt;-INVALID_NUMERIC_COMPARISON]" time="0.087" /><testcase classname="tests.test_clinical_engine_v2_compiler" name="test_invalid_version_operator_action_unit_type_or_safety_is_rejected[&lt;lambda&gt;-UNSUPPORTED_UNIT]" time="0.086" /><testcase classname="tests.test_clinical_engine_v2_compiler" name="test_every_expression_fact_must_be_declared" time="0.043" /><testcase classname="tests.test_clinical_engine_v2_compiler" name="test_node_ids_are_unique_across_the_entire_rule" time="0.043" /><testcase classname="tests.test_clinical_engine_v2_compiler" name="test_redflag_must_be_preflight_and_medication_requires_confirmation" time="0.086" /><testcase classname="tests.test_clinical_engine_v2_compiler" name="test_only_due_workflow_actions_may_create_internal_tasks" time="0.043" /><testcase classname="tests.test_clinical_engine_v2_compiler" name="test_critical_fact_cannot_continue_when_unusable" time="0.043" /><testcase classname="tests.test_clinical_engine_v2_compiler" name="test_active_rule_requires_approval_reviewers_and_semantic_key" time="0.043" /><testcase classname="tests.test_clinical_engine_v2_compiler" name="test_structural_diagnostic_includes_json_path" time="0.043" /><testcase classname="tests.test_clinical_engine_v2_compiler" name="test_temporal_selector_requires_an_explicit_window" time="0.043" /><testcase classname="tests.test_clinical_engine_v2_compiler" name="test_latest_selector_may_use_a_freshness_window_from_reference_artefacts" time="0.043" /><testcase classname="tests.test_clinical_engine_v2_compiler" name="test_minimum_count_is_rejected_for_non_count_selector" time="0.046" /><testcase classname="tests.test_clinical_engine_v2_conflicts" name="test_gc12_same_semantic_medication_is_presented_once_and_trace_is_merged" time="0.087" /><testcase classname="tests.test_clinical_engine_v2_conflicts" name="test_gc11_distinct_medication_options_are_not_collapsed_semantically" time="0.173" /><testcase classname="tests.test_clinical_engine_v2_conflicts" name="test_gc17_same_key_with_incompatible_actions_is_explicitly_withheld" time="0.086" /><testcase classname="tests.test_clinical_engine_v2_conflicts" name="test_rules_without_semantic_key_are_never_implicitly_merged" time="0.088" /><testcase classname="tests.test_clinical_engine_v2_conflicts" name="test_resolver_never_revives_a_redflag_suppressed_routine_output" time="0.087" /><testcase classname="tests.test_clinical_engine_v2_current_package" name="test_current_package_compiles_and_fires_both_positive_controls" time="0.047" /><testcase classname="tests.test_clinical_engine_v2_current_package" name="test_non_diabetic_patient_is_not_applicable_instead_of_needing_diabetes_data" time="0.047" /><testcase classname="tests.test_clinical_engine_v2_current_package" name="test_metformin_rule_does_not_demand_egfr_when_metformin_is_not_active" time="0.046" /><testcase classname="tests.test_clinical_engine_v2_current_package" name="test_bundled_adult_rules_are_not_applicable_to_a_minor" time="0.047" /><testcase classname="tests.test_clinical_engine_v2_decisions" name="test_presentation_event_is_terminal_safe_and_idempotent" time="0.670" /><testcase classname="tests.test_clinical_engine_v2_decisions" name="test_event_timing_triggers_still_protect_low_level_audit" time="0.656" /><testcase classname="tests.test_clinical_engine_v2_decisions" name="test_acceptance_appends_decision_without_medication_mutation" time="0.680" /><testcase classname="tests.test_clinical_engine_v2_decisions" name="test_dismissal_requires_reason_and_projects_current_decision" time="0.776" /><testcase classname="tests.test_clinical_engine_v2_decisions" name="test_decision_corrections_form_an_append_only_superseding_chain" time="0.736" /><testcase classname="tests.test_clinical_engine_v2_decisions" name="test_stale_cross_patient_and_revoked_seal_decisions_are_rejected" time="0.725" /><testcase classname="tests.test_clinical_engine_v2_decisions" name="test_legacy_import_command_is_removed" time="0.523" /><testcase classname="tests.test_clinical_engine_v2_decisions" name="test_thin_http_route_records_review_state_and_redirects" time="0.951" /><testcase classname="tests.test_clinical_engine_v2_decisions" name="test_patient_route_never_redirects_to_untrusted_referrer" time="0.001" /><testcase classname="tests.test_clinical_engine_v2_demo_cohort" name="test_longitudinal_cohort_is_complete_diverse_and_idempotent" time="0.934" /><testcase classname="tests.test_clinical_engine_v2_demo_cohort" name="test_cohort_contains_both_positive_safety_cases" time="0.678" /><testcase classname="tests.test_clinical_engine_v2_demo_cohort" name="test_forced_rebuild_replaces_only_synthetic_clinical_rows" time="1.026" /><testcase classname="tests.test_clinical_engine_v2_evaluator" name="test_all_truth_table_error_false_unknown_true_precedence[states0-TRUE]" time="0.001" /><testcase classname="tests.test_clinical_engine_v2_evaluator" name="test_all_truth_table_error_false_unknown_true_precedence[states1-UNKNOWN]" time="0.000" /><testcase classname="tests.test_clinical_engine_v2_evaluator" name="test_all_truth_table_error_false_unknown_true_precedence[states2-FALSE]" time="0.001" /><testcase classname="tests.test_clinical_engine_v2_evaluator" name="test_all_truth_table_error_false_unknown_true_precedence[states3-ERROR]" time="0.000" /><testcase classname="tests.test_clinical_engine_v2_evaluator" name="test_any_truth_table_error_true_unknown_false_precedence[states0-FALSE]" time="0.000" /><testcase classname="tests.test_clinical_engine_v2_evaluator" name="test_any_truth_table_error_true_unknown_false_precedence[states1-UNKNOWN]" time="0.000" /><testcase classname="tests.test_clinical_engine_v2_evaluator" name="test_any_truth_table_error_true_unknown_false_precedence[states2-TRUE]" time="0.000" /><testcase classname="tests.test_clinical_engine_v2_evaluator" name="test_any_truth_table_error_true_unknown_false_precedence[states3-ERROR]" time="0.000" /><testcase classname="tests.test_clinical_engine_v2_evaluator" name="test_not_preserves_unknown_and_error[TRUE-FALSE]" time="0.001" /><testcase classname="tests.test_clinical_engine_v2_evaluator" name="test_not_preserves_unknown_and_error[FALSE-TRUE]" time="0.000" /><testcase classname="tests.test_clinical_engine_v2_evaluator" name="test_not_preserves_unknown_and_error[UNKNOWN-UNKNOWN]" time="0.000" /><testcase classname="tests.test_clinical_engine_v2_evaluator" name="test_not_preserves_unknown_and_error[ERROR-ERROR]" time="0.000" /><testcase classname="tests.test_clinical_engine_v2_evaluator" name="test_current_operators_have_typed_deterministic_semantics[truthy-True-None-TRUE]" time="0.001" /><testcase classname="tests.test_clinical_engine_v2_evaluator" name="test_current_operators_have_typed_deterministic_semantics[truthy-False-None-FALSE]" time="0.001" /><testcase classname="tests.test_clinical_engine_v2_evaluator" name="test_current_operators_have_typed_deterministic_semantics[has-actual2-ckd-TRUE]" time="0.001" /><testcase classname="tests.test_clinical_engine_v2_evaluator" name="test_current_operators_have_typed_deterministic_semantics[not_has-actual3-ckd-TRUE]" time="0.001" /><testcase classname="tests.test_clinical_engine_v2_evaluator" name="test_current_operators_have_typed_deterministic_semantics[in-female-expected4-TRUE]" time="0.001" /><testcase classname="tests.test_clinical_engine_v2_evaluator" name="test_current_operators_have_typed_deterministic_semantics[==-7.0-7-TRUE]" time="0.001" /><testcase classname="tests.test_clinical_engine_v2_evaluator" name="test_current_operators_have_typed_deterministic_semantics[!=-G3b-G2-TRUE]" time="0.001" /><testcase classname="tests.test_clinical_engine_v2_evaluator" name="test_current_operators_have_typed_deterministic_semantics[between-7.0-expected7-TRUE]" time="0.001" /><testcase classname="tests.test_clinical_engine_v2_evaluator" name="test_current_operators_have_typed_deterministic_semantics[&gt;=-180-180-TRUE]" time="0.001" /><testcase classname="tests.test_clinical_engine_v2_evaluator" name="test_current_operators_have_typed_deterministic_semantics[&lt;-179-180-TRUE]" time="0.001" /><testcase classname="tests.test_clinical_engine_v2_evaluator" name="test_missing_not_has_is_unknown_but_verified_absence_is_true" time="0.000" /><testcase classname="tests.test_clinical_engine_v2_evaluator" name="test_verified_absence_is_false_for_exists_truthy_and_has" time="0.000" /><testcase classname="tests.test_clinical_engine_v2_evaluator" name="test_source_unavailable_not_has_is_unknown_gc22" time="0.000" /><testcase classname="tests.test_clinical_engine_v2_evaluator" name="test_unknown_and_not_asked_never_become_false" time="0.000" /><testcase classname="tests.test_clinical_engine_v2_evaluator" name="test_invalid_runtime_type_and_unmapped_unit_are_errors_with_data_issues" time="0.000" /><testcase classname="tests.test_clinical_engine_v2_evaluator" name="test_membership_operators_reject_runtime_type_mismatches[expression0-1]" time="0.001" /><testcase classname="tests.test_clinical_engine_v2_evaluator" name="test_membership_operators_reject_runtime_type_mismatches[expression1-actual1]" time="0.001" /><testcase classname="tests.test_clinical_engine_v2_evaluator" name="test_membership_operators_reject_runtime_type_mismatches[expression2-actual2]" time="0.001" /><testcase classname="tests.test_clinical_engine_v2_evaluator" name="test_registered_unit_aliases_compare_without_false_mismatch" time="0.000" /><testcase classname="tests.test_clinical_engine_v2_evaluator" name="test_boolean_is_not_silently_accepted_as_a_number" time="0.000" /><testcase classname="tests.test_clinical_engine_v2_evaluator" name="test_latest_selector_is_deterministic_and_exact_time_tie_is_conflicting" time="0.000" /><testcase classname="tests.test_clinical_engine_v2_evaluator" name="test_latest_selector_normalizes_aware_and_naive_tehran_timestamps" time="0.000" /><testcase classname="tests.test_clinical_engine_v2_evaluator" name="test_latest_selector_enforces_its_optional_within_days_window" time="0.000" /><testcase classname="tests.test_clinical_engine_v2_evaluator" name="test_temporal_selectors_distinguish_no_source_from_no_recent_event" time="0.000" /><testcase classname="tests.test_clinical_engine_v2_evaluator" name="test_stale_unverified_and_conflicting_facts_are_unusable_by_default" time="0.000" /><testcase classname="tests.test_clinical_engine_v2_evaluator" name="test_multi_fact_aggregation_does_not_ignore_an_unusable_candidate" time="0.000" /><testcase classname="tests.test_clinical_engine_v2_evaluator" name="test_timezone_aware_as_of_and_naive_fact_time_compare_deterministically" time="0.000" /><testcase classname="tests.test_clinical_engine_v2_evaluator" name="test_present_null_is_a_malformed_fact_error_even_for_exists" time="0.000" /><testcase classname="tests.test_clinical_engine_v2_evaluator" name="test_all_branch_keeps_complete_trace_and_error_dominates_false" time="0.000" /><testcase classname="tests.test_clinical_engine_v2_evaluator" name="test_eligibility_false_unknown_error_map_to_explicit_rule_outcomes" time="0.000" /><testcase classname="tests.test_clinical_engine_v2_evaluator" name="test_condition_states_map_to_fired_not_fired_needs_data_and_error" time="0.001" /><testcase classname="tests.test_clinical_engine_v2_evaluator" name="test_required_fact_policy_can_require_data_or_mark_not_applicable" time="0.000" /><testcase classname="tests.test_clinical_engine_v2_evaluator" name="test_present_null_never_satisfies_a_required_fact_gate" time="0.000" /><testcase classname="tests.test_clinical_engine_v2_evaluator" name="test_confirmed_absence_satisfies_required_fact_and_remains_known_absence" time="0.000" /><testcase classname="tests.test_clinical_engine_v2_evaluator" name="test_golden_data_quality_cases_map_to_explicit_outcomes[flag.pregnancy-expression0-candidate0-NEEDS_DATA-NOT_ASKED]" time="0.001" /><testcase classname="tests.test_clinical_engine_v2_evaluator" name="test_golden_data_quality_cases_map_to_explicit_outcomes[observation.fbs-expression1-candidate1-ERROR-UNIT_MISMATCH]" time="0.001" /><testcase classname="tests.test_clinical_engine_v2_evaluator" name="test_golden_data_quality_cases_map_to_explicit_outcomes[observation.egfr-expression2-candidate2-NEEDS_DATA-STALE]" time="0.001" /><testcase classname="tests.test_clinical_engine_v2_evaluator" name="test_golden_data_quality_cases_map_to_explicit_outcomes[observation.bp_systolic-expression3-candidate3-NEEDS_DATA-CONFLICTING]" time="0.001" /><testcase classname="tests.test_clinical_engine_v2_evaluator" name="test_golden_data_quality_cases_map_to_explicit_outcomes[demographic.age_years-expression4-candidate4-NEEDS_DATA-UNKNOWN]" time="0.001" /><testcase classname="tests.test_clinical_engine_v2_evaluator" name="test_unexpected_runtime_failure_is_contained_as_error" time="0.000" /><testcase classname="tests.test_clinical_engine_v2_evaluator" name="test_evaluation_payload_is_json_serializable_and_schema_valid" time="0.001" /><testcase classname="tests.test_clinical_engine_v2_evaluator" name="test_silent_ruleset_contains_routine_error_without_losing_independent_result" time="0.684" /><testcase classname="tests.test_clinical_engine_v2_evaluator" name="test_audit_failure_marks_shadow_run_failed_and_never_returns_a_result" time="0.001" /><testcase classname="tests.test_clinical_engine_v2_facts" name="test_birthdate_normalization_requires_complete_valid_date[1367/05/10-expected0]" time="0.001" /><testcase classname="tests.test_clinical_engine_v2_facts" name="test_birthdate_normalization_requires_complete_valid_date[\u06f1\u06f3\u06f6\u06f7/\u06f0\u06f5/\u06f1\u06f0-expected1]" time="0.001" /><testcase classname="tests.test_clinical_engine_v2_facts" name="test_birthdate_normalization_requires_complete_valid_date[1988-08-01-expected2]" time="0.000" /><testcase classname="tests.test_clinical_engine_v2_facts" name="test_birthdate_normalization_requires_complete_valid_date[1988/8/1-expected3]" time="0.000" /><testcase classname="tests.test_clinical_engine_v2_facts" name="test_birthdate_normalization_requires_complete_valid_date[1367-None]" time="0.000" /><testcase classname="tests.test_clinical_engine_v2_facts" name="test_birthdate_normalization_requires_complete_valid_date[not-a-date-None]" time="0.000" /><testcase classname="tests.test_clinical_engine_v2_facts" name="test_age_uses_full_boundary_and_rejects_impossible_dates" time="0.000" /><testcase classname="tests.test_clinical_engine_v2_facts" name="test_hash_and_observation_union_ignore_input_row_order" time="0.002" /><testcase classname="tests.test_clinical_engine_v2_facts" name="test_every_serialized_fact_conforms_to_published_schema" time="0.005" /><testcase classname="tests.test_clinical_engine_v2_facts" name="test_empty_unreconciled_and_unavailable_are_distinct" time="0.001" /><testcase classname="tests.test_clinical_engine_v2_facts" name="test_malformed_or_future_observation_is_explicitly_unusable[broken-date]" time="0.001" /><testcase classname="tests.test_clinical_engine_v2_facts" name="test_malformed_or_future_observation_is_explicitly_unusable[2027-01-01 10:00:00]" time="0.001" /><testcase classname="tests.test_clinical_engine_v2_facts" name="test_unclassified_active_medication_is_never_verified_empty" time="0.001" /><testcase classname="tests.test_clinical_engine_v2_facts" name="test_null_lab_value_is_not_present" time="0.001" /><testcase classname="tests.test_clinical_engine_v2_facts" name="test_repository_union_preserves_both_channels_with_stable_order" time="0.592" /><testcase classname="tests.test_clinical_engine_v2_facts" name="test_off_writes_nothing_and_shadow_persists_only_v2_audit" time="0.555" /><testcase classname="tests.test_clinical_engine_v2_facts" name="test_demo_cohort_fixed_as_of_hashes_are_repeatable" time="1.028" /><testcase classname="tests.test_clinical_engine_v2_facts" name="test_missing_patient_fails_loudly" time="0.507" /><testcase classname="tests.test_clinical_engine_v2_facts" name="test_raw_global_mode_without_seal_fails_closed" time="0.509" /><testcase classname="tests.test_clinical_engine_v2_facts" name="test_selected_mode_requires_seal_and_limits_cohort" time="0.687" /><testcase classname="tests.test_clinical_engine_v2_followups" name="test_suppressed_and_needs_data_rules_create_no_task" time="0.774" /><testcase classname="tests.test_clinical_engine_v2_followups" name="test_fired_rule_creates_one_auditable_idempotent_task" time="0.753" /><testcase classname="tests.test_clinical_engine_v2_followups" name="test_open_semantic_task_blocks_duplicate_from_new_evidence" time="0.826" /><testcase classname="tests.test_clinical_engine_v2_followups" name="test_closed_task_can_recur_in_a_new_due_period" time="0.812" /><testcase classname="tests.test_clinical_engine_v2_followups" name="test_safety_failed_run_cannot_create_internal_task" time="0.678" /><testcase classname="tests.test_clinical_engine_v2_followups" name="test_concurrent_generation_still_creates_exactly_one_task" time="0.782" /><testcase classname="tests.test_clinical_engine_v2_followups" name="test_persistence_failure_is_never_silently_swallowed" time="0.688" /><testcase classname="tests.test_clinical_engine_v2_followups" name="test_invalid_task_policy_fails_loud_without_mutation[overrides0-TASK_POLICY_REJECTED]" time="0.711" /><testcase classname="tests.test_clinical_engine_v2_followups" name="test_invalid_task_policy_fails_loud_without_mutation[overrides1-CLINICIAN_DECISION_REQUIRED]" time="0.686" /><testcase classname="tests.test_clinical_engine_v2_followups" name="test_invalid_task_policy_fails_loud_without_mutation[overrides2-TASK_IDENTITY_MISSING]" time="0.683" /><testcase classname="tests.test_clinical_engine_v2_followups" name="test_task_without_traceable_evidence_fails_loud" time="0.679" /><testcase classname="tests.test_clinical_engine_v2_followups" name="test_clinical_task_does_not_collapse_administrative_refill" time="0.707" /><testcase classname="tests.test_clinical_engine_v2_followups" name="test_revoked_seal_blocks_task_write_after_projection" time="0.695" /><testcase classname="tests.test_clinical_engine_v2_followups" name="test_patient_generate_route_surfaces_v2_issue_without_task" time="1.006" /><testcase classname="tests.test_clinical_engine_v2_followups" name="test_worklist_visibly_distinguishes_v2_clinical_task" time="1.067" /><testcase classname="tests.test_clinical_engine_v2_followups" name="test_existing_database_gets_clinical_task_columns_and_indexes" time="0.685" /><testcase classname="tests.test_clinical_engine_v2_manager_ui" name="test_control_center_requires_login" time="0.501" /><testcase classname="tests.test_clinical_engine_v2_manager_ui" name="test_control_center_renders_fail_closed_empty_state" time="0.892" /><testcase classname="tests.test_clinical_engine_v2_manager_ui" name="test_guided_package_prepare_then_clinical_review_and_freeze" time="3.196" /><testcase classname="tests.test_clinical_engine_v2_manager_ui" name="test_workflow_reset_requires_confirmation_preserves_audit_and_can_restart" time="1.145" /><testcase classname="tests.test_clinical_engine_v2_manager_ui" name="test_manager_home_and_sidebar_make_v2_the_primary_engine_ui" time="0.905" /><testcase classname="tests.test_clinical_engine_v2_manager_ui" name="test_old_rule_deep_links_land_on_v2_control_center" time="0.789" /><testcase classname="tests.test_clinical_engine_v2_manager_ui" name="test_control_center_has_no_v1_comparison_or_adjudication_surface" time="0.890" /><testcase classname="tests.test_clinical_engine_v2_manager_ui" name="test_compare_action_requires_a_frozen_ruleset_without_activating" time="0.930" /><testcase classname="tests.test_clinical_engine_v2_manager_ui" name="test_approval_action_requires_passing_hash_and_attestation" time="0.900" /><testcase classname="tests.test_clinical_engine_v2_manager_ui" name="test_unknown_or_incomplete_destructive_action_fails_closed" time="0.966" /><testcase classname="tests.test_clinical_engine_v2_manager_ui" name="test_staff_cannot_open_or_mutate_engine_control_center" time="1.065" /><testcase classname="tests.test_clinical_engine_v2_readonly_ui" name="test_distinct_medication_options_form_one_grouped_card_model" time="0.001" /><testcase classname="tests.test_clinical_engine_v2_readonly_ui" name="test_reason_trace_and_nondeduplicated_suppression_remain_visible" time="0.000" /><testcase classname="tests.test_clinical_engine_v2_readonly_ui" name="test_projection_is_hidden_outside_visible_rollout_without_run_read" time="0.000" /><testcase classname="tests.test_clinical_engine_v2_readonly_ui" name="test_partial_has_no_action_execution_controls_and_labels_inert_output" time="0.000" /><testcase classname="tests.test_clinical_engine_v2_readonly_ui" name="test_partial_renders_valid_current_projection_html" time="0.522" /><testcase classname="tests.test_clinical_engine_v2_readonly_ui" name="test_real_current_projection_records_one_presentation_only" time="0.787" /><testcase classname="tests.test_clinical_engine_v2_revision_catalogs" name="test_contact_edit_does_not_change_clinical_snapshot_or_revision" time="0.509" /><testcase classname="tests.test_clinical_engine_v2_revision_catalogs" name="test_flag_catalog_insert_update_delete_invalidates_every_patient" time="0.505" /><testcase classname="tests.test_clinical_engine_v2_revision_catalogs" name="test_condition_code_change_invalidates_only_linked_active_patients" time="0.513" /><testcase classname="tests.test_clinical_engine_v2_runtime_freshness" name="test_every_clinical_source_mutation_advances_patient_revision" time="0.505" /><testcase classname="tests.test_clinical_engine_v2_runtime_freshness" name="test_snapshot_binds_revision_and_preserves_patient_provenance" time="0.508" /><testcase classname="tests.test_clinical_engine_v2_runtime_freshness" name="test_old_engine_and_missing_revision_can_never_be_current" time="0.598" /><testcase classname="tests.test_clinical_engine_v2_runtime_freshness" name="test_patient_change_invalidates_run_and_blocks_presentation" time="0.609" /><testcase classname="tests.test_clinical_engine_v2_runtime_freshness" name="test_patient_change_blocks_decision_in_same_write_lock" time="0.601" /><testcase classname="tests.test_clinical_engine_v2_runtime_freshness" name="test_raw_visible_mode_without_seal_is_off_even_during_testing" time="0.514" /><testcase classname="tests.test_clinical_engine_v2_safety" name="test_versioned_draft_safety_artefacts_execute_their_golden_thresholds" time="0.047" /><testcase classname="tests.test_clinical_engine_v2_safety" name="test_gc01_preflight_redflag_runs_first_and_suppresses_fired_routine_outputs" time="0.132" /><testcase classname="tests.test_clinical_engine_v2_safety" name="test_gc03_unknown_hard_exclusion_abstains_with_needs_data" time="0.044" /><testcase classname="tests.test_clinical_engine_v2_safety" name="test_gc04_fired_safety_alert_and_true_hard_exclusion_suppress_dependent_rule" time="0.089" /><testcase classname="tests.test_clinical_engine_v2_safety" name="test_gc09_safety_error_sets_safety_failed_and_blocks_fired_routine" time="0.088" /><testcase classname="tests.test_clinical_engine_v2_safety" name="test_routine_runtime_error_is_contained_without_marking_safety_failed" time="0.090" /><testcase classname="tests.test_clinical_engine_v2_safety" name="test_local_safety_error_dominates_an_active_exclusion_and_blocks_other_routines" time="0.091" /><testcase classname="tests.test_clinical_engine_v2_safety" name="test_uncleared_preflight_redflag_yields_needs_data_not_false_reassurance" time="0.089" /><testcase classname="tests.test_clinical_engine_v2_safety" name="test_composer_creates_only_suggestion_only_dtos_for_fired_results[PREFLIGHT-redflag-INTERRUPTIVE]" time="0.045" /><testcase classname="tests.test_clinical_engine_v2_safety" name="test_composer_creates_only_suggestion_only_dtos_for_fired_results[SAFETY-safety_alert-PROMINENT]" time="0.045" /><testcase classname="tests.test_clinical_engine_v2_safety" name="test_composer_creates_only_suggestion_only_dtos_for_fired_results[ROUTINE-educate-NON_INTERRUPTIVE]" time="0.046" /><testcase classname="tests.test_clinical_engine_v2_safety" name="test_composer_abstains_for_suppressed_needs_data_and_error_results" time="0.045" /><testcase classname="tests.test_clinical_engine_v2_safety" name="test_shadow_capture_persists_suppression_and_created_recommendation_event" time="0.047" /><testcase classname="tests.test_clinical_engine_v2_safety" name="test_corrupt_stored_safety_rule_fails_closed_and_blocks_valid_routine" time="0.045" /><testcase classname="tests.test_clinical_engine_v2_storage" name="test_pr06_safety_artefacts_compile_and_store_without_v1_storage" time="0.551" /><testcase classname="tests.test_clinical_engine_v2_storage" name="test_fresh_bootstrap_creates_all_tables_and_safe_off_flag" time="0.510" /><testcase classname="tests.test_clinical_engine_v2_storage" name="test_existing_database_bootstrap_is_additive_and_idempotent" time="0.743" /><testcase classname="tests.test_clinical_engine_v2_storage" name="test_rule_versions_are_compiled_idempotent_and_content_immutable" time="0.550" /><testcase classname="tests.test_clinical_engine_v2_storage" name="test_ruleset_activation_requires_approved_members_and_freezes_membership" time="0.555" /><testcase classname="tests.test_clinical_engine_v2_storage" name="test_audit_is_reproducible_append_only_and_survives_backup" time="0.590" /><testcase classname="tests.test_clinical_validation_release_gate" name="test_current_package_golden_cases_pass_and_replay_deterministically" time="0.108" /><testcase classname="tests.test_clinical_validation_release_gate" name="test_wrong_expected_outcome_blocks_release" time="0.056" /><testcase classname="tests.test_clinical_validation_release_gate" name="test_validation_reports_are_append_only_and_require_independent_attestation" time="0.574" /><testcase classname="tests.test_clinical_validation_release_gate" name="test_release_reference_is_exact_to_engine_package_and_hash" time="0.568" /><testcase classname="tests.test_clinical_validation_ui" name="test_validation_workspace_requires_login" time="0.507" /><testcase classname="tests.test_clinical_validation_ui" name="test_validation_workspace_run_and_dual_attestation" time="0.958" /><testcase classname="tests.test_clinical_validation_ui" name="test_newer_blocked_report_invalidates_older_pass" time="0.624" /><testcase classname="tests.test_clinical_rule_package_contract" name="test_current_package_has_one_authoritative_manifest_case_and_hash_contract" time="0.100" /><testcase classname="tests.test_clinical_rule_package_contract" name="test_manifest_version_and_ruleset_are_runtime_bound" time="0.002" /><testcase classname="tests.test_clinical_rule_package_contract" name="test_manifest_cannot_escape_package_directory" time="0.044" /><testcase classname="tests.test_clinical_rule_package_contract" name="test_duplicate_semantic_identity_is_rejected_before_import" time="0.049" /><testcase classname="tests.test_clinical_rule_package_contract" name="test_every_case_must_declare_every_manifest_rule" time="0.049" /><testcase classname="tests.test_clinical_rule_package_contract" name="test_expected_error_is_not_an_acceptable_golden_outcome" time="0.050" /><testcase classname="tests.test_clinical_rule_package_contract" name="test_static_clinical_approval_cannot_be_embedded_in_draft_json" time="0.045" /><testcase classname="tests.test_end_to_end_loops" name="test_closed_invoice_to_approved_simulated_sms_is_idempotent" time="0.519" /><testcase classname="tests.test_end_to_end_loops" name="test_reconciled_severe_bp_to_presentation_and_decision" time="0.911" /></testsuite></testsuites>