<?xml version="1.0" encoding="utf-8"?><testsuites name="pytest tests"><testsuite name="pytest" errors="0" failures="0" skipped="0" tests="46" time="27.883" timestamp="2026-07-25T17:59:06.175707+00:00" hostname="runnervmvrwv9"><testcase classname="tests.test_clinical_validation_release_gate" name="test_current_package_golden_cases_pass_and_replay_deterministically" time="0.097" /><testcase classname="tests.test_clinical_validation_release_gate" name="test_wrong_expected_outcome_blocks_release" time="0.050" /><testcase classname="tests.test_clinical_validation_release_gate" name="test_validation_reports_are_append_only_and_require_independent_attestation" time="0.527" /><testcase classname="tests.test_clinical_validation_release_gate" name="test_release_reference_is_exact_to_engine_package_and_hash" time="0.500" /><testcase classname="tests.test_clinical_validation_ui" name="test_validation_workspace_requires_login" time="0.435" /><testcase classname="tests.test_clinical_validation_ui" name="test_validation_workspace_run_and_dual_attestation" time="0.920" /><testcase classname="tests.test_clinical_validation_ui" name="test_newer_blocked_report_invalidates_older_pass" time="0.524" /><testcase classname="tests.test_clinical_engine_v2_activation" name="test_exact_report_is_reproducible_and_bound_to_engine" time="0.477" /><testcase classname="tests.test_clinical_engine_v2_activation" name="test_other_engine_build_and_nonclean_run_block_report" time="0.480" /><testcase classname="tests.test_clinical_engine_v2_activation" name="test_fixed_as_of_excludes_future_observation" time="0.476" /><testcase classname="tests.test_clinical_engine_v2_activation" name="test_missing_demo_patient_blocks_activation_report" time="0.475" /><testcase classname="tests.test_clinical_engine_v2_activation" name="test_approval_is_bound_to_current_build_report" time="0.476" /><testcase classname="tests.test_clinical_engine_v2_activation" name="test_raw_visible_mode_fails_closed_without_valid_seal" time="0.481" /><testcase classname="tests.test_clinical_engine_v2_activation" name="test_tampering_report_approval_or_seal_revokes_mode" time="0.489" /><testcase classname="tests.test_clinical_engine_v2_activation" name="test_selected_activation_requires_approvals_and_rollback_is_immediate" time="0.484" /><testcase classname="tests.test_clinical_engine_v2_activation" name="test_global_on_requires_verified_selected_and_active_ruleset" time="0.507" /><testcase classname="tests.test_clinical_engine_v2_activation" name="test_promote_silent_ruleset_preserves_membership" time="0.475" /><testcase classname="tests.test_clinical_engine_v2_manager_ui" name="test_control_center_requires_login" time="0.461" /><testcase classname="tests.test_clinical_engine_v2_manager_ui" name="test_control_center_renders_fail_closed_empty_state" time="0.825" /><testcase classname="tests.test_clinical_engine_v2_manager_ui" name="test_guided_package_prepare_then_clinical_review_and_freeze" time="2.706" /><testcase classname="tests.test_clinical_engine_v2_manager_ui" name="test_workflow_reset_requires_confirmation_preserves_audit_and_can_restart" time="0.990" /><testcase classname="tests.test_clinical_engine_v2_manager_ui" name="test_manager_home_and_sidebar_make_v2_the_primary_engine_ui" time="0.804" /><testcase classname="tests.test_clinical_engine_v2_manager_ui" name="test_old_rule_deep_links_land_on_v2_control_center" time="0.701" /><testcase classname="tests.test_clinical_engine_v2_manager_ui" name="test_control_center_has_no_v1_comparison_or_adjudication_surface" time="0.803" /><testcase classname="tests.test_clinical_engine_v2_manager_ui" name="test_compare_action_requires_a_frozen_ruleset_without_activating" time="0.808" /><testcase classname="tests.test_clinical_engine_v2_manager_ui" name="test_approval_action_requires_passing_hash_and_attestation" time="0.800" /><testcase classname="tests.test_clinical_engine_v2_manager_ui" name="test_unknown_or_incomplete_destructive_action_fails_closed" time="0.845" /><testcase classname="tests.test_clinical_engine_v2_manager_ui" name="test_staff_cannot_open_or_mutate_engine_control_center" time="0.986" /><testcase classname="tests.test_clinical_engine_v2_runtime_freshness" name="test_every_clinical_source_mutation_advances_patient_revision" time="0.439" /><testcase classname="tests.test_clinical_engine_v2_runtime_freshness" name="test_snapshot_binds_revision_and_preserves_patient_provenance" time="0.425" /><testcase classname="tests.test_clinical_engine_v2_runtime_freshness" name="test_old_engine_and_missing_revision_can_never_be_current" time="0.492" /><testcase classname="tests.test_clinical_engine_v2_runtime_freshness" name="test_patient_change_invalidates_run_and_blocks_presentation" time="0.501" /><testcase classname="tests.test_clinical_engine_v2_runtime_freshness" name="test_patient_change_blocks_decision_in_same_write_lock" time="0.484" /><testcase classname="tests.test_clinical_engine_v2_runtime_freshness" name="test_raw_visible_mode_without_seal_is_off_even_during_testing" time="0.423" /><testcase classname="tests.test_operational_security_release_gate" name="test_file_database_uses_wal_and_installs_operational_storage" time="0.420" /><testcase classname="tests.test_operational_security_release_gate" name="test_production_rejects_default_bootstrap_password" time="0.076" /><testcase classname="tests.test_operational_security_release_gate" name="test_logout_is_post_only_and_csrf_protected" time="0.751" /><testcase classname="tests.test_operational_security_release_gate" name="test_technical_reviewer_can_open_engine_without_manager_role" time="1.077" /><testcase classname="tests.test_operational_security_release_gate" name="test_extension_origin_matching_rejects_prefix_confusion" time="0.000" /><testcase classname="tests.test_operational_security_release_gate" name="test_scheduler_can_create_a_daily_audit_checkpoint" time="0.427" /><testcase classname="tests.test_operational_security_hardening" name="test_csrf_is_required_rotated_and_injected" time="0.752" /><testcase classname="tests.test_operational_security_hardening" name="test_permission_overrides_are_append_only_and_fail_closed" time="0.429" /><testcase classname="tests.test_operational_security_hardening" name="test_lease_is_exclusive_monotonic_and_fenced" time="0.427" /><testcase classname="tests.test_operational_security_hardening" name="test_verified_backup_manifest_and_restore_detect_tampering" time="0.456" /><testcase classname="tests.test_operational_security_hardening" name="test_audit_checkpoint_detects_offline_row_tampering" time="0.431" /><testcase classname="tests.test_operational_security_hardening" name="test_health_is_phi_free_and_permission_protected" time="0.707" /></testsuite></testsuites>