<?xml version="1.0" encoding="utf-8"?><testsuites name="pytest tests"><testsuite name="pytest" errors="0" failures="0" skipped="0" tests="113" time="50.844" timestamp="2026-07-25T15:26:28.283574+00:00" hostname="runnervmvrwv9"><testcase classname="tests.test_operational_security_release_gate" name="test_file_database_uses_wal_and_installs_operational_storage" time="0.548" /><testcase classname="tests.test_operational_security_release_gate" name="test_production_rejects_default_bootstrap_password" time="0.078" /><testcase classname="tests.test_operational_security_release_gate" name="test_logout_is_post_only_and_csrf_protected" time="0.759" /><testcase classname="tests.test_operational_security_release_gate" name="test_technical_reviewer_can_open_engine_without_manager_role" time="1.108" /><testcase classname="tests.test_operational_security_release_gate" name="test_extension_origin_matching_rejects_prefix_confusion" time="0.000" /><testcase classname="tests.test_operational_security_release_gate" name="test_scheduler_can_create_a_daily_audit_checkpoint" time="0.432" /><testcase classname="tests.test_operational_security_hardening" name="test_csrf_is_required_rotated_and_injected" time="0.752" /><testcase classname="tests.test_operational_security_hardening" name="test_permission_overrides_are_append_only_and_fail_closed" time="0.425" /><testcase classname="tests.test_operational_security_hardening" name="test_lease_is_exclusive_monotonic_and_fenced" time="0.428" /><testcase classname="tests.test_operational_security_hardening" name="test_verified_backup_manifest_and_restore_detect_tampering" time="0.469" /><testcase classname="tests.test_operational_security_hardening" name="test_audit_checkpoint_detects_offline_row_tampering" time="0.429" /><testcase classname="tests.test_operational_security_hardening" name="test_health_is_phi_free_and_permission_protected" time="0.706" /><testcase classname="tests.test_backup_and_logging.TestA2Backup" name="test_backup_creates_valid_file_with_data" time="0.507" /><testcase classname="tests.test_backup_and_logging.TestA2Backup" name="test_no_tmp_file_after_success" time="0.495" /><testcase classname="tests.test_backup_and_logging.TestA2Backup" name="test_backup_with_open_connection" time="0.513" /><testcase classname="tests.test_backup_and_logging.TestA2Backup" name="test_rotation_keeps_only_4_files" time="0.505" /><testcase classname="tests.test_backup_and_logging.TestA2Backup" name="test_missing_db_path_returns_silently" time="0.487" /><testcase classname="tests.test_backup_and_logging.TestA2Backup" name="test_invalid_backup_dir_no_crash" time="0.502" /><testcase classname="tests.test_backup_and_logging.TestA2Backup" name="test_accounting_db_unchanged_after_backup" time="0.499" /><testcase classname="tests.test_backup_and_logging.TestA3Logging" name="test_setup_adds_rotating_handler_idempotent" time="0.001" /><testcase classname="tests.test_backup_and_logging.TestA3Logging" name="test_warning_in_file_info_not_in_file" time="0.001" /><testcase classname="tests.test_backup_and_logging.TestA3Logging" name="test_frozen_simulation_no_stream_handler" time="0.001" /><testcase classname="tests.test_clinical_closed_care_loop" name="test_fresh_storage_projects_one_open_root" time="0.498" /><testcase classname="tests.test_clinical_closed_care_loop" name="test_completion_requires_outcome_evidence_and_history_is_append_only" time="0.434" /><testcase classname="tests.test_clinical_closed_care_loop" name="test_outcome_from_another_task_cannot_close_task" time="0.432" /><testcase classname="tests.test_clinical_closed_care_loop" name="test_stale_form_and_terminal_reopen_are_rejected" time="0.436" /><testcase classname="tests.test_clinical_closed_care_loop" name="test_not_done_requires_explicit_disposition" time="0.429" /><testcase classname="tests.test_clinical_closed_care_loop" name="test_foreign_patient_appointment_is_rejected" time="0.429" /><testcase classname="tests.test_clinical_closed_care_loop" name="test_generic_repository_cannot_resolve_or_relink_clinical_task" time="0.429" /><testcase classname="tests.test_clinical_closed_care_loop" name="test_worklist_does_not_offer_legacy_done_for_clinical_task" time="0.772" /><testcase classname="tests.test_clinical_engine_v2_action_contract" name="test_valid_effective_rollout_allows_presentation_and_decision" time="0.454" /><testcase classname="tests.test_clinical_engine_v2_action_contract" name="test_rollback_before_write_blocks_presentation" time="0.444" /><testcase classname="tests.test_clinical_engine_v2_action_contract" name="test_approval_revocation_before_write_blocks_decision" time="0.446" /><testcase classname="tests.test_clinical_engine_v2_activation" name="test_exact_report_is_reproducible_and_bound_to_engine" time="0.429" /><testcase classname="tests.test_clinical_engine_v2_activation" name="test_other_engine_build_and_nonclean_run_block_report" time="0.426" /><testcase classname="tests.test_clinical_engine_v2_activation" name="test_fixed_as_of_excludes_future_observation" time="0.431" /><testcase classname="tests.test_clinical_engine_v2_activation" name="test_missing_demo_patient_blocks_activation_report" time="0.427" /><testcase classname="tests.test_clinical_engine_v2_activation" name="test_approval_is_bound_to_current_build_report" time="0.425" /><testcase classname="tests.test_clinical_engine_v2_activation" name="test_raw_visible_mode_fails_closed_without_valid_seal" time="0.423" /><testcase classname="tests.test_clinical_engine_v2_activation" name="test_tampering_report_approval_or_seal_revokes_mode" time="0.434" /><testcase classname="tests.test_clinical_engine_v2_activation" name="test_selected_activation_requires_approvals_and_rollback_is_immediate" time="0.436" /><testcase classname="tests.test_clinical_engine_v2_activation" name="test_global_on_requires_verified_selected_and_active_ruleset" time="0.440" /><testcase classname="tests.test_clinical_engine_v2_activation" name="test_promote_silent_ruleset_preserves_membership" time="0.424" /><testcase classname="tests.test_clinical_engine_v2_decisions" name="test_presentation_event_is_terminal_safe_and_idempotent" time="0.487" /><testcase classname="tests.test_clinical_engine_v2_decisions" name="test_event_timing_triggers_still_protect_low_level_audit" time="0.480" /><testcase classname="tests.test_clinical_engine_v2_decisions" name="test_acceptance_appends_decision_without_medication_mutation" time="0.490" /><testcase classname="tests.test_clinical_engine_v2_decisions" name="test_dismissal_requires_reason_and_projects_current_decision" time="0.504" /><testcase classname="tests.test_clinical_engine_v2_decisions" name="test_decision_corrections_form_an_append_only_superseding_chain" time="0.496" /><testcase classname="tests.test_clinical_engine_v2_decisions" name="test_stale_cross_patient_and_revoked_seal_decisions_are_rejected" time="0.501" /><testcase classname="tests.test_clinical_engine_v2_decisions" name="test_legacy_import_command_is_removed" time="0.430" /><testcase classname="tests.test_clinical_engine_v2_decisions" name="test_thin_http_route_records_review_state_and_redirects" time="0.826" /><testcase classname="tests.test_clinical_engine_v2_decisions" name="test_patient_route_never_redirects_to_untrusted_referrer" time="0.000" /><testcase classname="tests.test_clinical_engine_v2_followups" name="test_suppressed_and_needs_data_rules_create_no_task" time="0.528" /><testcase classname="tests.test_clinical_engine_v2_followups" name="test_fired_rule_creates_one_auditable_idempotent_task" time="0.489" /><testcase classname="tests.test_clinical_engine_v2_followups" name="test_open_semantic_task_blocks_duplicate_from_new_evidence" time="0.532" /><testcase classname="tests.test_clinical_engine_v2_followups" name="test_closed_task_can_recur_in_a_new_due_period" time="0.540" /><testcase classname="tests.test_clinical_engine_v2_followups" name="test_safety_failed_run_cannot_create_internal_task" time="0.476" /><testcase classname="tests.test_clinical_engine_v2_followups" name="test_concurrent_generation_still_creates_exactly_one_task" time="0.522" /><testcase classname="tests.test_clinical_engine_v2_followups" name="test_persistence_failure_is_never_silently_swallowed" time="0.479" /><testcase classname="tests.test_clinical_engine_v2_followups" name="test_invalid_task_policy_fails_loud_without_mutation[overrides0-TASK_POLICY_REJECTED]" time="0.480" /><testcase classname="tests.test_clinical_engine_v2_followups" name="test_invalid_task_policy_fails_loud_without_mutation[overrides1-TASK_POLICY_REJECTED]" time="0.487" /><testcase classname="tests.test_clinical_engine_v2_followups" name="test_invalid_task_policy_fails_loud_without_mutation[overrides2-TASK_IDENTITY_MISSING]" time="0.482" /><testcase classname="tests.test_clinical_engine_v2_followups" name="test_task_without_traceable_evidence_fails_loud" time="0.479" /><testcase classname="tests.test_clinical_engine_v2_followups" name="test_clinical_task_does_not_collapse_administrative_refill" time="0.481" /><testcase classname="tests.test_clinical_engine_v2_followups" name="test_revoked_seal_blocks_task_write_after_projection" time="0.487" /><testcase classname="tests.test_clinical_engine_v2_followups" name="test_patient_generate_route_surfaces_v2_issue_without_task" time="0.756" /><testcase classname="tests.test_clinical_engine_v2_followups" name="test_worklist_visibly_distinguishes_v2_clinical_task" time="0.805" /><testcase classname="tests.test_clinical_engine_v2_followups" name="test_existing_database_gets_clinical_task_columns_and_indexes" time="0.535" /><testcase classname="tests.test_clinical_engine_v2_manager_ui" name="test_control_center_requires_login" time="0.432" /><testcase classname="tests.test_clinical_engine_v2_manager_ui" name="test_control_center_renders_fail_closed_empty_state" time="0.827" /><testcase classname="tests.test_clinical_engine_v2_manager_ui" name="test_guided_package_prepare_then_clinical_review_and_freeze" time="2.627" /><testcase classname="tests.test_clinical_engine_v2_manager_ui" name="test_workflow_reset_requires_confirmation_preserves_audit_and_can_restart" time="0.994" /><testcase classname="tests.test_clinical_engine_v2_manager_ui" name="test_manager_home_and_sidebar_make_v2_the_primary_engine_ui" time="0.804" /><testcase classname="tests.test_clinical_engine_v2_manager_ui" name="test_old_rule_deep_links_land_on_v2_control_center" time="0.705" /><testcase classname="tests.test_clinical_engine_v2_manager_ui" name="test_control_center_has_no_v1_comparison_or_adjudication_surface" time="0.799" /><testcase classname="tests.test_clinical_engine_v2_manager_ui" name="test_compare_action_requires_a_frozen_ruleset_without_activating" time="0.814" /><testcase classname="tests.test_clinical_engine_v2_manager_ui" name="test_approval_action_requires_passing_hash_and_attestation" time="0.804" /><testcase classname="tests.test_clinical_engine_v2_manager_ui" name="test_unknown_or_incomplete_destructive_action_fails_closed" time="0.852" /><testcase classname="tests.test_clinical_engine_v2_manager_ui" name="test_staff_cannot_open_or_mutate_engine_control_center" time="0.985" /><testcase classname="tests.test_clinical_engine_v2_readonly_ui" name="test_distinct_medication_options_form_one_grouped_card_model" time="0.001" /><testcase classname="tests.test_clinical_engine_v2_readonly_ui" name="test_reason_trace_and_nondeduplicated_suppression_remain_visible" time="0.000" /><testcase classname="tests.test_clinical_engine_v2_readonly_ui" name="test_projection_is_hidden_outside_visible_rollout_without_run_read" time="0.000" /><testcase classname="tests.test_clinical_engine_v2_readonly_ui" name="test_partial_has_no_action_execution_controls_and_labels_inert_output" time="0.000" /><testcase classname="tests.test_clinical_engine_v2_readonly_ui" name="test_partial_renders_valid_current_projection_html" time="0.437" /><testcase classname="tests.test_clinical_engine_v2_readonly_ui" name="test_real_current_projection_records_one_presentation_only" time="0.510" /><testcase classname="tests.test_clinical_engine_v2_runtime_freshness" name="test_every_clinical_source_mutation_advances_patient_revision" time="0.437" /><testcase classname="tests.test_clinical_engine_v2_runtime_freshness" name="test_snapshot_binds_revision_and_preserves_patient_provenance" time="0.441" /><testcase classname="tests.test_clinical_engine_v2_runtime_freshness" name="test_old_engine_and_missing_revision_can_never_be_current" time="0.494" /><testcase classname="tests.test_clinical_engine_v2_runtime_freshness" name="test_patient_change_invalidates_run_and_blocks_presentation" time="0.456" /><testcase classname="tests.test_clinical_engine_v2_runtime_freshness" name="test_patient_change_blocks_decision_in_same_write_lock" time="0.442" /><testcase classname="tests.test_clinical_engine_v2_runtime_freshness" name="test_raw_visible_mode_without_seal_is_off_even_during_testing" time="0.434" /><testcase classname="tests.test_clinical_reconciliation_engine_identity" name="test_reconciliation_contract_has_one_engine_identity" time="0.000" /><testcase classname="tests.test_clinical_reconciliation_engine_identity" name="test_previous_engine_run_is_never_current" time="0.446" /><testcase classname="tests.test_clinical_reconciliation_engine_identity" name="test_pre_engine_bound_report_and_seal_fail_closed" time="0.425" /><testcase classname="tests.test_end_to_end_loops" name="test_closed_invoice_to_approved_simulated_sms_is_idempotent" time="0.437" /><testcase classname="tests.test_end_to_end_loops" name="test_reconciled_severe_bp_to_presentation_and_decision" time="0.561" /><testcase classname="tests.test_patient_mutation_ownership" name="test_guard_handlers_are_installed_without_changing_public_endpoints" time="0.421" /><testcase classname="tests.test_patient_mutation_ownership" name="test_cross_patient_row_ids_are_rejected_and_leave_history_unchanged" time="0.726" /><testcase classname="tests.test_patient_mutation_ownership" name="test_valid_patient_owned_mutations_preserve_effective_history" time="0.725" /><testcase classname="tests.test_ui_information_architecture" name="test_followups_live_inside_message_hub_not_as_second_sidebar_destination" time="0.001" /><testcase classname="tests.test_ui_information_architecture" name="test_management_page_has_one_navigation_surface_and_no_operational_duplicates" time="0.000" /><testcase classname="tests.test_ui_information_architecture" name="test_dashboard_exposes_only_one_followup_call_to_action" time="0.000" /><testcase classname="tests.test_ui_information_architecture" name="test_dashboard_is_summary_only_and_worklist_owns_admin_ranking" time="0.001" /><testcase classname="tests.test_ui_information_architecture" name="test_visit_has_one_message_action_with_explicit_message_type" time="0.000" /><testcase classname="tests.test_ui_information_architecture" name="test_disease_page_is_the_visible_home_for_indicator_management" time="0.000" /><testcase classname="tests.test_ui_information_architecture" name="test_control_room_has_a_balanced_three_level_layout" time="0.000" /><testcase classname="tests.test_ui_information_architecture" name="test_message_hub_destinations_share_one_fixed_button_size" time="0.001" /><testcase classname="tests.test_ui_information_architecture" name="test_message_hub_follows_compose_approve_deliver_order_and_one_delivery_report" time="0.001" /><testcase classname="tests.test_ui_information_architecture" name="test_control_room_messages_are_approval_gated_not_sent_directly" time="0.000" /><testcase classname="tests.test_ui_information_architecture" name="test_component_contract_has_shared_control_sizes_and_accessible_icon_buttons" time="0.005" /><testcase classname="tests.test_ui_information_architecture" name="test_global_shell_supports_mobile_navigation_loading_and_error_states" time="0.001" /><testcase classname="tests.test_ui_information_architecture" name="test_patient_record_has_one_summary_next_action_and_unified_timeline" time="0.001" /><testcase classname="tests.test_ui_information_architecture" name="test_patient_record_tabs_expose_keyboard_and_aria_contract" time="0.001" /></testsuite></testsuites>