<?xml version="1.0" encoding="utf-8"?><testsuites name="pytest tests"><testsuite name="pytest" errors="0" failures="0" skipped="0" tests="54" time="3.243" timestamp="2026-07-25T17:59:34.440153+00:00" hostname="runnervmvrwv9"><testcase classname="tests.test_billing_characterization.TestFreeVisitPatientShare" name="test_free_visit_uses_base_tariff" time="0.162" /><testcase classname="tests.test_billing_characterization.TestFreeVisitPatientShare" name="test_free_visit_no_insurance_share" time="0.083" /><testcase classname="tests.test_billing_characterization.TestInsuredVisitPatientShare" name="test_insured_visit_uses_insurance_tariff" time="0.085" /><testcase classname="tests.test_billing_characterization.TestInsuredVisitPatientShare" name="test_insured_visit_insurance_share_is_difference" time="0.082" /><testcase classname="tests.test_billing_characterization.TestSupplementaryInsuranceOverride" name="test_supplementary_overrides_primary_tariff" time="0.087" /><testcase classname="tests.test_billing_characterization.TestSupplementaryInsuranceOverride" name="test_supplementary_zero_tariff_gives_zero_patient_share" time="0.087" /><testcase classname="tests.test_billing_characterization.TestCoveredInjectionPatientShare" name="test_covered_injection_not_excluded_patient_share_zero" time="0.085" /><testcase classname="tests.test_billing_characterization.TestCoveredInjectionPatientShare" name="test_covered_injection_with_legacy_nursing_tariff_zero_actual_behaviour" time="0.085" /><testcase classname="tests.test_billing_characterization.TestExcludedInjectionPatientShare" name="test_excluded_injection_patient_pays_full" time="0.084" /><testcase classname="tests.test_billing_characterization.TestExcludedInjectionPatientShare" name="test_non_excluded_injection_covered_in_same_invoice" time="0.084" /><testcase classname="tests.test_billing_characterization.TestConsumablePatientShare" name="test_consumable_patient_share_equals_total_cost" time="0.089" /><testcase classname="tests.test_billing_characterization.TestConsumablePatientShare" name="test_consumable_always_patient_pays_even_when_insured" time="0.083" /><testcase classname="tests.test_billing_characterization.TestNurseProcedurePatientShare" name="test_nurse_procedure_covered" time="0.092" /><testcase classname="tests.test_billing_characterization.TestNurseProcedurePatientShare" name="test_doctor_procedure_always_patient_pays" time="0.083" /><testcase classname="tests.test_billing_characterization.TestNurseProcedurePatientShare" name="test_nurse_procedure_without_coverage_patient_pays" time="0.085" /><testcase classname="tests.test_billing_characterization.TestCompositeInvoiceTotalsAndFinancials" name="test_update_invoice_totals_sums_patient_shares" time="0.083" /><testcase classname="tests.test_billing_characterization.TestCompositeInvoiceTotalsAndFinancials" name="test_get_financials_revenue_excludes_consumables" time="0.088" /><testcase classname="tests.test_billing_characterization.TestCompositeInvoiceTotalsAndFinancials" name="test_get_financials_paid_card_and_cash_breakdown" time="0.085" /><testcase classname="tests.test_billing_characterization.TestCompositeInvoiceTotalsAndFinancials" name="test_get_financials_injection_covered_zero_in_paid" time="0.084" /><testcase classname="tests.test_billing_characterization.TestCloseInvoice" name="test_close_open_invoice_sets_status_closed" time="0.079" /><testcase classname="tests.test_billing_characterization.TestCloseInvoice" name="test_close_open_invoice_updates_total_amount" time="0.093" /><testcase classname="tests.test_billing_characterization.TestCloseInvoice" name="test_close_already_closed_invoice_returns_false" time="0.079" /><testcase classname="tests.test_billing_characterization.TestCloseInvoice" name="test_close_nonexistent_invoice_returns_false" time="0.076" /><testcase classname="tests.test_billing_characterization.TestVisitTariffFallback" name="test_visit_unknown_insurance_falls_back_to_base_tariff" time="0.079" /><testcase classname="tests.test_billing_characterization.TestVisitTariffFallback" name="test_visit_no_base_tariff_at_all_gives_zero_recorded" time="0.081" /><testcase classname="tests.test_billing_characterization.TestRemainingNonNegative" name="test_remaining_never_negative" time="0.079" /><testcase classname="tests.test_harness_smoke" name="test_harness_initialises_isolated_schema" time="0.078" /><testcase classname="tests.test_harness_smoke" name="test_isolated_db_starts_empty" time="0.083" /><testcase classname="tests.test_security_config.TestProductionRaisesOnWeakSecret" name="test_raises_with_default_secret_key" time="0.002" /><testcase classname="tests.test_security_config.TestProductionRaisesOnWeakSecret" name="test_raises_with_none_secret_key" time="0.002" /><testcase classname="tests.test_security_config.TestProductionRaisesOnWeakSecret" name="test_raises_before_scheduler_starts" time="0.480" /><testcase classname="tests.test_security_config.TestProductionNoRaiseWithStrongSecret" name="test_no_raise_with_strong_key_testing_mode" time="0.026" /><testcase classname="tests.test_security_config.TestProductionNoRaiseWithStrongSecret" name="test_no_raise_with_monkeypatched_scheduler" time="0.026" /><testcase classname="tests.test_security_config.TestLocalCookieConfig" name="test_session_cookie_secure_is_false_for_local" time="0.025" /><testcase classname="tests.test_security_config.TestLocalCookieConfig" name="test_session_cookie_samesite_is_lax" time="0.026" /><testcase classname="tests.test_security_config.TestLocalCookieConfig" name="test_session_cookie_httponly_is_true" time="0.026" /><testcase classname="tests.test_security_config.TestLocalCookieConfig" name="test_permanent_session_lifetime_is_8h" time="0.031" /><testcase classname="tests.test_security_config.TestProductionCookieConfig" name="test_session_cookie_secure_is_true_in_production" time="0.026" /><testcase classname="tests.test_security_config.TestProductionCookieConfig" name="test_production_also_sets_httponly_and_samesite" time="0.025" /><testcase classname="tests.test_security_config.TestHelpers" name="test_env_flag_false_when_unset" time="0.000" /><testcase classname="tests.test_security_config.TestHelpers" name="test_env_flag_true_for_1" time="0.000" /><testcase classname="tests.test_security_config.TestHelpers" name="test_env_flag_true_for_true" time="0.000" /><testcase classname="tests.test_security_config.TestHelpers" name="test_env_flag_true_for_yes" time="0.000" /><testcase classname="tests.test_security_config.TestHelpers" name="test_env_flag_true_for_on" time="0.000" /><testcase classname="tests.test_security_config.TestHelpers" name="test_env_flag_false_for_zero" time="0.000" /><testcase classname="tests.test_security_config.TestHelpers" name="test_env_flag_false_for_false" time="0.000" /><testcase classname="tests.test_security_config.TestHelpers" name="test_is_production_false_by_default" time="0.000" /><testcase classname="tests.test_security_config.TestHelpers" name="test_is_production_true_via_production_env" time="0.000" /><testcase classname="tests.test_security_config.TestHelpers" name="test_is_production_true_via_flask_env" time="0.000" /><testcase classname="tests.test_security_config.TestHelpers" name="test_is_production_true_via_app_env" time="0.000" /><testcase classname="tests.test_security_config.TestHelpers" name="test_is_production_case_insensitive" time="0.000" /><testcase classname="tests.test_security_config.TestHelpers" name="test_config_debug_false_by_default" time="0.000" /><testcase classname="tests.test_security_config.TestRealDbUntouched" name="test_real_db_sha256_stable_within_module" time="0.001" /><testcase classname="tests.test_security_config.TestRealDbUntouched" name="test_temp_db_path_never_equals_real_db" time="0.002" /></testsuite></testsuites>